<?xml version="1.0" encoding="UTF-8"?>
<!-- Generated by org.testng.reporters.JUnitReportReporter -->
<testsuite hostname="DESKTOP-24UQ7HS" failures="0" tests="1" name="JavaBasics.Testng" time="0.016" errors="0" timestamp="2022-09-02T13:21:56 IST" skipped="0">
  <testcase classname="JavaBasics.Testng" name="mvn" time="0.016"/>
  <system-out/>
</testsuite> <!-- JavaBasics.Testng -->
